/home/babett/babett_masterthesis/datavant/multiple_attack_multproc-final-nomemo.py:812: DtypeWarning: Columns (3,4) have mixed types. Specify dtype option on import or set low_memory=False.
  df = pd.read_csv(dist_file)
[*] Loaded distribution file 'ohio_cleaned.csv': top_n=2000 (firsts=2000, lasts=2000, addresses=2000)
[*] Attacking file 'nc_matchkeys-nr.csv' with columns: T1,T2,T4,T3,T9
[*] Attacking in language mode: US
[*] Using SHA-256(token_input) (no master salt).
[*] Using AES-256-ECB for site token decryption (key length=32).
[decrypt] T1: unique master tokens=7647450 (successes=38605451, failures=0)
[decrypt] T2: unique master tokens=7704256 (successes=38605451, failures=0)
[decrypt] T4: unique master tokens=7717151 (successes=38605451, failures=0)
[decrypt] T3: unique master tokens=7720705 (successes=38605451, failures=0)
[decrypt] T9: unique master tokens=6428533 (successes=38605451, failures=0)
[*] Using 24 processes for parallel tasks.
[*] Running in Dictionary/Reference Mode.
[*] Attacking T1 (Parallel)...
    -> Found 3797780 T1 preimages (564.45s). Hashes: 3589560000
[*] Attacking T2 via T1 (Parallel)
    -> Found 3707280 T2 preimages (249.99s). Hashes: 3738646942
[*] Pivoting to T4 via T1/T2...
    -> Found 3221664 T4 preimages (5644.44s). Hashes: 4131354784
[*] Pivoting to T3 via T4...
    -> Found 3224981 T3 (4136.85s). Hashes: 7353018784
[*] Pivoting to T9 via T4 (Parallel)...
    -> Found 71095 T9 (4944.42s). Hashes: 13155235648
[*] Writing results to /mnt/hdd/babett/multattack_nvr_12439_2000.csv...
[*] Results written to /mnt/hdd/babett/multattack_nvr_12439_2000.csv
[TOTAL HASHES] 13155235648
