/home/babett/babett_masterthesis/datavant/multiple_attack_multproc-final-nomemo.py:812: DtypeWarning: Columns (3,4) have mixed types. Specify dtype option on import or set low_memory=False.
  df = pd.read_csv(dist_file)
[*] Loaded distribution file 'ohio_cleaned.csv': top_n=2000 (firsts=2000, lasts=2000, addresses=2000)
[*] Attacking file 'nc_matchkeys-nr.csv' with columns: T2,T1,T4,T3,T9
[*] Attacking in language mode: US
[*] Using SHA-256(token_input) (no master salt).
[*] Using AES-256-ECB for site token decryption (key length=32).
[decrypt] T2: unique master tokens=7704256 (successes=38605451, failures=0)
[decrypt] T1: unique master tokens=7647450 (successes=38605451, failures=0)
[decrypt] T4: unique master tokens=7717151 (successes=38605451, failures=0)
[decrypt] T3: unique master tokens=7720705 (successes=38605451, failures=0)
[decrypt] T9: unique master tokens=6428533 (successes=38605451, failures=0)
[*] Using 24 processes for parallel tasks.
[*] Running in Dictionary/Reference Mode.
[*] Attacking T2 (Parallel) using dictionary-derived Soundex codes...
     -> Found 5587709 T2 preimages (6540.93s). Hashes: 48052887480
[*] Attacking T1 using T2 dictionary hits...
     -> Found 3622638 T1 preimages (93.90s). Hashes: 48073201376
[*] Pivoting to T4 via T1/T2 dictionary hits...
    -> Found 3221610 T4 preimages (302.01s). Hashes: 48100253257
[*] Pivoting to T3 via T4...
    -> Found 3224927 T3 (4731.99s). Hashes: 51321863257
[*] Pivoting to T9 via T4 (Parallel)...
    -> Found 71095 T9 (5872.80s). Hashes: 57123982867
[*] Writing results to /mnt/hdd/babett/multattack_nc_21439_2000.csv...
[*] Results written to /mnt/hdd/babett/multattack_nc_21439_2000.csv
[TOTAL HASHES] 57123982867
