/home/babett/babett_masterthesis/datavant/multiple_attack_multproc-final-nomemo.py:812: DtypeWarning: Columns (3,4) have mixed types. Specify dtype option on import or set low_memory=False.
  df = pd.read_csv(dist_file)
[*] Loaded distribution file 'ohio_cleaned.csv': top_n=500 (firsts=500, lasts=500, addresses=500)
[*] Attacking file 'nc_matchkeys-nr.csv' with columns: T1,T7,T4,T3,T9
[*] Attacking in language mode: US
[*] Using SHA-256(token_input) (no master salt).
[*] Using AES-256-ECB for site token decryption (key length=32).
[decrypt] T1: unique master tokens=7647450 (successes=38605448, failures=0)
[decrypt] T7: unique master tokens=7712896 (successes=38605448, failures=0)
[decrypt] T4: unique master tokens=7717151 (successes=38605448, failures=0)
[decrypt] T3: unique master tokens=7720705 (successes=38605448, failures=0)
[decrypt] T9: unique master tokens=6428533 (successes=38605448, failures=0)
[*] Using 24 processes for parallel tasks.
[*] Running in Dictionary/Reference Mode.
[*] Attacking T1 (Parallel)...
    -> Found 2588037 T1 preimages (345.08s). Hashes: 897390000
[*] Attacking T7 via T1...
    -> Found 2645531 T7 preimages (4804.51s). Hashes: 2646903012
[*] Pivoting to T4 via T7...
    -> Found 1756706 T4 preimages (27.15s). Hashes: 2653459875
[*] Pivoting to T3 via T4...
    -> Found 1759770 T3 (2478.38s). Hashes: 4410165875
[*] Pivoting to T9 via T4 (Parallel)...
    -> Found 16345 T9 (888.20s). Hashes: 5232304283
[*] Writing results to /mnt/hdd/babett/multattack_nvr_17439_500.csv...
[*] Results written to /mnt/hdd/babett/multattack_nvr_17439_500.csv
[TOTAL HASHES] 5232304283
