/home/babett/babett_masterthesis/datavant/multiple_attack_multproc-final-nomemo.py:812: DtypeWarning: Columns (3,4) have mixed types. Specify dtype option on import or set low_memory=False.
  df = pd.read_csv(dist_file)
[*] Loaded distribution file 'ohio_cleaned.csv': top_n=500 (firsts=500, lasts=500, addresses=500)
[*] Attacking file 'nc_matchkeys-nr.csv' with columns: T2,T7,T4,T3,T9
[*] Attacking in language mode: US
[*] Using SHA-256(token_input) (no master salt).
[*] Using AES-256-ECB for site token decryption (key length=32).
[decrypt] T2: unique master tokens=7704256 (successes=38605451, failures=0)
[decrypt] T7: unique master tokens=7712896 (successes=38605451, failures=0)
[decrypt] T4: unique master tokens=7717151 (successes=38605451, failures=0)
[decrypt] T3: unique master tokens=7720705 (successes=38605451, failures=0)
[decrypt] T9: unique master tokens=6428533 (successes=38605451, failures=0)
[*] Using 24 processes for parallel tasks.
[*] Running in Dictionary/Reference Mode.
[*] Attacking T2 (Parallel) using dictionary-derived Soundex codes...
     -> Found 3393920 T2 preimages (1022.28s). Hashes: 7688837520
[*] Attacking T7 via T2 dictionary hits...
     -> Found 1941254 T7 preimages (149.20s). Hashes: 7699948004
[*] Pivoting to T4 via T7/T2 (Optimized)...
    -> Found 1753750 T4 preimages (27.44s). Hashes: 7705754187
[*] Pivoting to T3 via T4...
    -> Found 1756808 T3 (2336.00s). Hashes: 9459504187
[*] Pivoting to T9 via T4 (Parallel)...
    -> Found 16345 T9 (736.97s). Hashes: 10280259187
[*] Writing results to /mnt/hdd/babett/multattack_nvr_27439_500.csv...
[*] Results written to /mnt/hdd/babett/multattack_nvr_27439_500.csv
[TOTAL HASHES] 10280259187
