/home/babett/babett_masterthesis/datavant/multiple_attack_multproc-final-nomemo.py:812: DtypeWarning: Columns (3,4) have mixed types. Specify dtype option on import or set low_memory=False.
  df = pd.read_csv(dist_file)
[*] Loaded distribution file 'ohio_cleaned.csv': top_n=1000 (firsts=1000, lasts=1000, addresses=1000)
[*] Attacking file 'nc_matchkeys-nr.csv' with columns: T1,T2,T4,T3,T9
[*] Attacking in language mode: US
[*] Using SHA-256(token_input) (no master salt).
[*] Using AES-256-ECB for site token decryption (key length=32).
[decrypt] T1: unique master tokens=7647450 (successes=38605451, failures=0)
[decrypt] T2: unique master tokens=7704256 (successes=38605451, failures=0)
[decrypt] T4: unique master tokens=7717151 (successes=38605451, failures=0)
[decrypt] T3: unique master tokens=7720705 (successes=38605451, failures=0)
[decrypt] T9: unique master tokens=6428533 (successes=38605451, failures=0)
[*] Using 24 processes for parallel tasks.
[*] Running in Dictionary/Reference Mode.
[*] Attacking T1 (Parallel)...
    -> Found 3187586 T1 preimages (369.50s). Hashes: 1794780000
[*] Attacking T2 via T1 (Parallel)
    -> Found 2984711 T2 preimages (249.44s). Hashes: 1882466860
[*] Pivoting to T4 via T1/T2...
    -> Found 2491243 T4 preimages (2682.42s). Hashes: 2052532980
[*] Pivoting to T3 via T4...
    -> Found 2494473 T3 (3208.73s). Hashes: 4543775980
[*] Pivoting to T9 via T4 (Parallel)...
    -> Found 37467 T9 (2020.71s). Hashes: 6810807110
[*] Writing results to /mnt/hdd/babett/multattack_nvr_12439_1000.csv...
[*] Results written to /mnt/hdd/babett/multattack_nvr_12439_1000.csv
[TOTAL HASHES] 6810807110
