/home/babett/babett_masterthesis/datavant/multiple_attack_multproc-final-nomemo.py:812: DtypeWarning: Columns (3,4) have mixed types. Specify dtype option on import or set low_memory=False.
  df = pd.read_csv(dist_file)
[*] Loaded distribution file 'ohio_cleaned.csv': top_n=1000 (firsts=1000, lasts=1000, addresses=1000)
[*] Attacking file 'nc_matchkeys-nr.csv' with columns: T1,T7,T4,T3,T9
[*] Attacking in language mode: US
[*] Using SHA-256(token_input) (no master salt).
[*] Using AES-256-ECB for site token decryption (key length=32).
[decrypt] T1: unique master tokens=7647450 (successes=38605448, failures=0)
[decrypt] T7: unique master tokens=7712896 (successes=38605448, failures=0)
[decrypt] T4: unique master tokens=7717151 (successes=38605448, failures=0)
[decrypt] T3: unique master tokens=7720705 (successes=38605448, failures=0)
[decrypt] T9: unique master tokens=6428533 (successes=38605448, failures=0)
[*] Using 24 processes for parallel tasks.
[*] Running in Dictionary/Reference Mode.
[*] Attacking T1 (Parallel)...
    -> Found 3187586 T1 preimages (364.78s). Hashes: 1794780000
[*] Attacking T7 via T1...
    -> Found 3245957 T7 preimages (5512.91s). Hashes: 3949588136
[*] Pivoting to T4 via T7...
    -> Found 2489725 T4 preimages (45.38s). Hashes: 3963536608
[*] Pivoting to T3 via T4...
    -> Found 2492954 T3 (3178.50s). Hashes: 6453261608
[*] Pivoting to T9 via T4 (Parallel)...
    -> Found 37405 T9 (2145.65s). Hashes: 8718911358
[*] Writing results to /mnt/hdd/babett/multattack_nvr_17439_1000.csv...
[*] Results written to /mnt/hdd/babett/multattack_nvr_17439_1000.csv
[TOTAL HASHES] 8718911358
