/home/babett/babett_masterthesis/datavant/multiple_attack_multproc-final-nomemo.py:812: DtypeWarning: Columns (3,4) have mixed types. Specify dtype option on import or set low_memory=False.
  df = pd.read_csv(dist_file)
[*] Loaded distribution file 'ohio_cleaned.csv': top_n=1000 (firsts=1000, lasts=1000, addresses=1000)
[*] Attacking file 'nc_matchkeys-nr.csv' with columns: T2,T1,T7,T4,T3,T9
[*] Attacking in language mode: US
[*] Using SHA-256(token_input) (no master salt).
[*] Using AES-256-ECB for site token decryption (key length=32).
[decrypt] T2: unique master tokens=7704256 (successes=46326548, failures=0)
[decrypt] T1: unique master tokens=7647450 (successes=46326548, failures=0)
[decrypt] T7: unique master tokens=7712896 (successes=46326548, failures=0)
[decrypt] T4: unique master tokens=7717151 (successes=46326548, failures=0)
[decrypt] T3: unique master tokens=7720705 (successes=46326548, failures=0)
[decrypt] T9: unique master tokens=6428533 (successes=46326548, failures=0)
[*] Using 24 processes for parallel tasks.
[*] Running in Dictionary/Reference Mode.
[*] Attacking T2 (Parallel) using dictionary-derived Soundex codes...
     -> Found 4596027 T2 preimages (2750.80s). Hashes: 20319256620
[*] Attacking T1 using T2 dictionary hits...
     -> Found 2906887 T1 preimages (86.26s). Hashes: 20330729310
[*] Attacking T7 via T1 and T2 intersection...
     -> Found 2694051 T7 preimages (379.89s). Hashes: 20344298956
[*] Pivoting to T4 via T1/T2 dictionary hits...
    -> Found 2491214 T4 preimages (80.00s). Hashes: 20357893165
[*] Pivoting to T3 via T4...
    -> Found 2494444 T3 (2628.72s). Hashes: 22849107165
[*] Pivoting to T9 via T4 (Parallel)...
    -> Found 37467 T9 (1144.30s). Hashes: 25116111905
[*] Writing results to /mnt/hdd/babett/multattack_nvr_217439_1000.csv...
[*] Results written to /mnt/hdd/babett/multattack_nvr_217439_1000.csv
[TOTAL HASHES] 25116111905
