[*] Loaded distribution file 'known_data_clean_10000.csv': top_n=1000 (firsts=1000, lasts=1000, addresses=1000)
[*] Attacking file 'german_matchkeys.csv' with columns: T2,T7,T4,T3,T9
[*] Attacking in language mode: DE
[*] Using SHA-256(token_input) (no master salt).
[*] Using AES-256-ECB for site token decryption (key length=32).
[decrypt] T2: unique master tokens=10000 (successes=50000, failures=0)
[decrypt] T7: unique master tokens=10000 (successes=50000, failures=0)
[decrypt] T4: unique master tokens=10000 (successes=50000, failures=0)
[decrypt] T3: unique master tokens=10000 (successes=50000, failures=0)
[decrypt] T9: unique master tokens=9999 (successes=50000, failures=0)
[*] Using 24 processes for parallel tasks.
[*] Running in Dictionary/Reference Mode.
[*] Attacking T2 (Parallel) using dictionary-derived Soundex codes...
     -> Found 8115 T2 preimages (2338.66s). Hashes: 20297167020
[*] Attacking T7 via T2 dictionary hits...
     -> Found 6344 T7 preimages (0.17s). Hashes: 20297203921
[*] Pivoting to T4 via T7/T2 (Optimized)...
    -> Found 4438 T4 preimages (0.13s). Hashes: 20297238357
[*] Pivoting to T3 via T4...
    -> Found 4433 T3 (5.32s). Hashes: 20301676357
[*] Pivoting to T9 via T4 (Parallel)...
    -> Found 516 T9 (312.22s). Hashes: 22520978141
[*] Writing results to /mnt/hdd/babett/multattack_DA10_27439_1000.csv...
[*] Results written to /mnt/hdd/babett/multattack_DA10_27439_1000.csv
[TOTAL HASHES] 22520978141
