/home/babett/babett_masterthesis/datavant/multiple_attack_multproc-final-nomemo.py:812: DtypeWarning: Columns (3,4) have mixed types. Specify dtype option on import or set low_memory=False.
  df = pd.read_csv(dist_file)
[*] Loaded distribution file 'ohio_cleaned.csv': top_n=500 (firsts=500, lasts=500, addresses=500)
[*] Attacking file 'nc_matchkeys-nr.csv' with columns: T4,T3,T9
[*] Attacking in language mode: US
[*] Using SHA-256(token_input) (no master salt).
[*] Using AES-256-ECB for site token decryption (key length=32).
[decrypt] T4: unique master tokens=7717151 (successes=23163254, failures=0)
[decrypt] T3: unique master tokens=7720705 (successes=23163254, failures=0)
[decrypt] T9: unique master tokens=6428533 (successes=23163254, failures=0)
[*] Using 24 processes for parallel tasks.
[*] Running in Dictionary/Reference Mode.
[*] Running baseline of attacks.
[*] Attacking T4...
    -> Found 1756706 T4 preimages (23068.98s). Hashes: 17257500000
[*] Pivoting to T3 via T4...
    -> Found 1759770 T3 (2332.60s). Hashes: 19014206000
[*] Pivoting to T9 via T4 (Parallel)...
    -> Found 16345 T9 (829.08s). Hashes: 19836344408
[*] Writing results to /mnt/hdd/babett/multattack_nc_439_500.csv...
[*] Results written to /mnt/hdd/babett/multattack_nc_439_500.csv
[TOTAL HASHES] 19836344408
