[*] Loaded distribution file 'known_data_clean_10000.csv': top_n=500 (firsts=500, lasts=500, addresses=500)
[*] Attacking file 'german_matchkeys.csv' with columns: T1,T7,T4,T3,T9
[*] Attacking in language mode: DE
[*] Using SHA-256(token_input) (no master salt).
[*] Using AES-256-ECB for site token decryption (key length=32).
[decrypt] T1: unique master tokens=10000 (successes=50000, failures=0)
[decrypt] T7: unique master tokens=10000 (successes=50000, failures=0)
[decrypt] T4: unique master tokens=10000 (successes=50000, failures=0)
[decrypt] T3: unique master tokens=10000 (successes=50000, failures=0)
[decrypt] T9: unique master tokens=9999 (successes=50000, failures=0)
[*] Using 24 processes for parallel tasks.
[*] Running in Dictionary/Reference Mode.
[*] Attacking T1 (Parallel)...
    -> Found 8617 T1 preimages (50.24s). Hashes: 897390000
[*] Attacking T7 via T1...
    -> Found 8614 T7 preimages (11.79s). Hashes: 903215092
[*] Pivoting to T4 via T7...
    -> Found 2246 T4 preimages (0.06s). Hashes: 903240410
[*] Pivoting to T3 via T4...
    -> Found 2245 T3 (2.12s). Hashes: 905486410
[*] Pivoting to T9 via T4 (Parallel)...
    -> Found 162 T9 (37.97s). Hashes: 1467058282
[*] Writing results to /mnt/hdd/babett/final/multattack_multproc_17439_DA10_multT9_500.csv...
[*] Results written to /mnt/hdd/babett/final/multattack_multproc_17439_DA10_multT9_500.csv
[TOTAL HASHES] 1467058282
