[*] Loaded distribution file 'known_data_clean_50000.csv': top_n=2000 (firsts=1969, lasts=2000, addresses=2000)
[*] Attacking file 'german_matchkeys.csv' with columns: T1,T2,T4,T3,T9
[*] Attacking in language mode: DE
[*] Using SHA-256(token_input) (no master salt).
[*] Using AES-256-ECB for site token decryption (key length=32).
[decrypt] T1: unique master tokens=10000 (successes=50000, failures=0)
[decrypt] T2: unique master tokens=10000 (successes=50000, failures=0)
[decrypt] T4: unique master tokens=10000 (successes=50000, failures=0)
[decrypt] T3: unique master tokens=10000 (successes=50000, failures=0)
[decrypt] T9: unique master tokens=9999 (successes=50000, failures=0)
[*] Using 24 processes for parallel tasks.
[*] Running in Dictionary/Reference Mode.
[*] Attacking T1 (Parallel)...
    -> Found 8633 T1 preimages (408.23s). Hashes: 3589560000
[*] Attacking T2 via T1 (Parallel)
    -> Found 8633 T2 preimages (0.35s). Hashes: 3589907482
[*] Pivoting to T4 via T1/T2...
    -> Found 8633 T4 preimages (0.20s). Hashes: 3589949405
[*] Pivoting to T3 via T4...
    -> Found 8626 T3 (9.95s). Hashes: 3598582405
[*] Pivoting to T9 via T4 (Parallel)...
    -> Found 2584 T9 (1133.64s). Hashes: 12231720533
[*] Writing results to /mnt/hdd/babett/final/multattack_multproc_12439_DA10_multT9_2000.csv...
[*] Results written to /mnt/hdd/babett/final/multattack_multproc_12439_DA10_multT9_2000.csv
[TOTAL HASHES] 12231720533
