[*] Loaded distribution file 'known_data_clean_50000.csv': top_n=2000 (firsts=1969, lasts=2000, addresses=2000)
[*] Attacking file 'german_matchkeys.csv' with columns: T1,T7,T4,T3,T9
[*] Attacking in language mode: DE
[*] Using SHA-256(token_input) (no master salt).
[*] Using AES-256-ECB for site token decryption (key length=32).
[decrypt] T1: unique master tokens=10000 (successes=50000, failures=0)
[decrypt] T7: unique master tokens=10000 (successes=50000, failures=0)
[decrypt] T4: unique master tokens=10000 (successes=50000, failures=0)
[decrypt] T3: unique master tokens=10000 (successes=50000, failures=0)
[decrypt] T9: unique master tokens=9999 (successes=50000, failures=0)
[*] Using 24 processes for parallel tasks.
[*] Running in Dictionary/Reference Mode.
[*] Attacking T1 (Parallel)...
    -> Found 8633 T1 preimages (184.61s). Hashes: 3589560000
[*] Attacking T7 via T1...
    -> Found 8630 T7 preimages (11.21s). Hashes: 3595395908
[*] Pivoting to T4 via T7...
    -> Found 8630 T4 preimages (0.17s). Hashes: 3595492236
[*] Pivoting to T3 via T4...
    -> Found 8623 T3 (7.99s). Hashes: 3604122236
[*] Pivoting to T9 via T4 (Parallel)...
    -> Found 2584 T9 (514.30s). Hashes: 12234260316
[*] Writing results to /mnt/hdd/babett/final/multattack_multproc_17439_DA50_multT9_51000.csv...
[*] Results written to /mnt/hdd/babett/final/multattack_multproc_17439_DA50_multT9_51000.csv
[TOTAL HASHES] 12234260316
